info t=2015-03-03T01:36:19.280Z loading user theme: /usr/share//themes/Linux Mint/cinnamon/cinnamon.css
info t=2015-03-03T01:36:19.296Z added icon directory: /usr/share//themes/Linux Mint/cinnamon/
info t=2015-03-03T01:36:19.375Z loaded at Mon Mar 02 2015 19:36:19 GMT-0600 (CST)
info t=2015-03-03T01:36:19.847Z Loaded applet menu@cinnamon.org in 469 ms
info t=2015-03-03T01:36:19.854Z Loaded applet show-desktop@cinnamon.org in 5 ms
info t=2015-03-03T01:36:19.884Z Role locked: panellauncher
info t=2015-03-03T01:36:19.884Z Loaded applet panel-launchers@cinnamon.org in 29 ms
info t=2015-03-03T01:36:19.896Z Role locked: windowlist
info t=2015-03-03T01:36:19.897Z Loaded applet window-list@cinnamon.org in 10 ms
info t=2015-03-03T01:36:19.909Z Role locked: notifications
info t=2015-03-03T01:36:19.914Z Loaded applet notifications@cinnamon.org in 15 ms
info t=2015-03-03T01:36:19.961Z Loaded applet user@cinnamon.org in 45 ms
info t=2015-03-03T01:36:19.972Z Loaded applet removable-drives@cinnamon.org in 8 ms
info t=2015-03-03T01:36:20.278Z Loaded applet keyboard@cinnamon.org in 305 ms
info t=2015-03-03T01:36:20.311Z Loaded applet bluetooth@cinnamon.org in 32 ms
info t=2015-03-03T01:36:21.509Z Loaded applet network@cinnamon.org in 1196 ms
info t=2015-03-03T01:36:21.566Z Loaded applet sound@cinnamon.org in 54 ms
info t=2015-03-03T01:36:21.585Z Loaded applet power@cinnamon.org in 17 ms
info t=2015-03-03T01:36:21.596Z Loaded applet systray@cinnamon.org in 8 ms
info t=2015-03-03T01:36:21.615Z Loaded applet calendar@cinnamon.org in 17 ms
info t=2015-03-03T01:36:21.624Z Loaded applet windows-quick-list@cinnamon.org in 7 ms
info t=2015-03-03T01:36:21.640Z Loaded applet bettersettings@bownz in 15 ms
info t=2015-03-03T01:36:22.936Z Adding systray: clipit (20x20px)
info t=2015-03-03T01:36:22.939Z Adding systray: unknown (20x20px)
info t=2015-03-03T01:36:38.954Z Adding systray: mintupdate.py (20x20px)
info t=2015-03-03T01:41:35.271Z Adding systray: yumi.gambas (20x20px)
info t=2015-03-03T01:41:56.955Z Adding systray: yumi.gambas (20x20px)
info t=2015-03-03T01:42:21.564Z Adding systray: yumi.gambas (20x20px)
info t=2015-03-03T01:45:11.201Z Adding systray: yumi.gambas (20x20px)
info t=2015-03-04T13:10:37.814Z Adding systray: hipchat (20x20px)
info t=2015-03-04T13:55:27.060Z Adding systray: pidgin (20x20px)
info t=2015-03-04T16:18:20.858Z Adding systray: google-chrome-stable (20x20px)
info t=2015-03-04T16:18:36.776Z Adding systray: google-chrome-stable (20x20px)
info t=2015-03-04T16:18:48.759Z Adding systray: google-chrome-stable (20x20px)
info t=2015-03-04T16:19:00.760Z Adding systray: google-chrome-stable (20x20px)
info t=2015-03-04T16:21:13.887Z Adding systray: google-chrome-stable (20x20px)
info t=2015-03-04T16:21:22.869Z Adding systray: google-chrome-stable (20x20px)
info t=2015-03-04T16:22:29.706Z Adding systray: google-chrome-stable (20x20px)
info t=2015-03-04T16:25:01.882Z Adding systray: google-chrome-stable (20x20px)
info t=2015-03-04T16:25:09.799Z Adding systray: google-chrome-stable (20x20px)
info t=2015-03-04T16:40:49.875Z Adding systray: google-chrome-stable (20x20px)
info t=2015-03-04T17:12:22.878Z Adding systray: google-chrome-stable (20x20px)
info t=2015-03-04T17:14:06.868Z Adding systray: google-chrome-stable (20x20px)
info t=2015-03-04T17:18:39.901Z Adding systray: google-chrome-stable (20x20px)
info t=2015-03-04T17:19:55.872Z Adding systray: google-chrome-stable (20x20px)
info t=2015-03-04T17:20:03.773Z Adding systray: google-chrome-stable (20x20px)
info t=2015-03-04T17:20:11.789Z Adding systray: google-chrome-stable (20x20px)
info t=2015-03-04T17:24:43.874Z Adding systray: google-chrome-stable (20x20px)
info t=2015-03-04T17:25:02.941Z Adding systray: google-chrome-stable (20x20px)
info t=2015-03-04T17:25:09.008Z Adding systray: google-chrome-stable (20x20px)
info t=2015-03-04T17:25:18.109Z Adding systray: google-chrome-stable (20x20px)
info t=2015-03-04T17:25:24.158Z Adding systray: google-chrome-stable (20x20px)
info t=2015-03-04T17:25:57.611Z Adding systray: google-chrome-stable (20x20px)
info t=2015-03-04T17:27:55.901Z Adding systray: google-chrome-stable (20x20px)
info t=2015-03-04T17:28:38.353Z Adding systray: google-chrome-stable (20x20px)
info t=2015-03-04T17:40:38.917Z Adding systray: google-chrome-stable (20x20px)
info t=2015-03-04T17:40:50.768Z Adding systray: google-chrome-stable (20x20px)
info t=2015-03-04T17:41:50.888Z Adding systray: google-chrome-stable (20x20px)
info t=2015-03-04T17:42:06.789Z Adding systray: google-chrome-stable (20x20px)
info t=2015-03-04T18:01:42.896Z Adding systray: google-chrome-stable (20x20px)
info t=2015-03-04T18:01:58.764Z Adding systray: google-chrome-stable (20x20px)
info t=2015-03-04T18:02:06.781Z Adding systray: google-chrome-stable (20x20px)
info t=2015-03-04T18:02:18.781Z Adding systray: google-chrome-stable (20x20px)
info t=2015-03-04T18:04:46.874Z Adding systray: google-chrome-stable (20x20px)
info t=2015-03-04T18:05:10.877Z Adding systray: google-chrome-stable (20x20px)
info t=2015-03-04T18:16:59.887Z Adding systray: google-chrome-stable (20x20px)
info t=2015-03-04T18:17:16.022Z Adding systray: google-chrome-stable (20x20px)
info t=2015-03-04T18:18:25.876Z Adding systray: google-chrome-stable (20x20px)
info t=2015-03-04T18:18:47.111Z Adding systray: google-chrome-stable (20x20px)
info t=2015-03-04T18:18:53.095Z Adding systray: google-chrome-stable (20x20px)
info t=2015-03-04T18:19:05.228Z Adding systray: google-chrome-stable (20x20px)
info t=2015-03-04T18:19:26.530Z Adding systray: google-chrome-stable (20x20px)
info t=2015-03-04T18:20:18.133Z Adding systray: google-chrome-stable (20x20px)
info t=2015-03-04T18:29:10.882Z Adding systray: google-chrome-stable (20x20px)
info t=2015-03-04T18:33:18.881Z Adding systray: google-chrome-stable (20x20px)
info t=2015-03-04T18:33:30.765Z Adding systray: google-chrome-stable (20x20px)
info t=2015-03-04T18:33:46.783Z Adding systray: google-chrome-stable (20x20px)
info t=2015-03-04T18:34:02.767Z Adding systray: google-chrome-stable (20x20px)
info t=2015-03-04T18:34:22.772Z Adding systray: google-chrome-stable (20x20px)
info t=2015-03-04T18:36:31.210Z Adding systray: google-chrome-stable (20x20px)
info t=2015-03-04T18:36:52.328Z Adding systray: google-chrome-stable (20x20px)
info t=2015-03-04T21:03:18.729Z Adding systray: transmission (20x20px)
info t=2015-03-04T21:15:54.292Z Adding systray: brasero (20x20px)
